0 info it worked if it ends with ok
1 verbose cli [ 'D:\\Program Files\\nodejs\\node.exe',
1 verbose cli   'C:\\Users\\Administrator\\AppData\\Roaming\\npm\\node_modules\\npm\\bin\\npm-cli.js',
1 verbose cli   'run',
1 verbose cli   'dev' ]
2 info using npm@4.0.5
3 info using node@v6.2.0
4 verbose run-script [ 'predev', 'dev', 'postdev' ]
5 info lifecycle TIMS@0.0.0~predev: TIMS@0.0.0
6 silly lifecycle TIMS@0.0.0~predev: no script for predev, continuing
7 info lifecycle TIMS@0.0.0~dev: TIMS@0.0.0
8 verbose lifecycle TIMS@0.0.0~dev: unsafe-perm in lifecycle true
9 verbose lifecycle TIMS@0.0.0~dev: PATH: C:\Users\Administrator\AppData\Roaming\npm\node_modules\npm\bin\node-gyp-bin;D:\wamp\www\jwmanager\node_modules\.bin;C:\Windows\system32;C:\Windows;C:\Windows\System32\Wbem;C:\Windows\System32\WindowsPowerShell\v1.0\;C:\Program Files (x86)\AMD\ATI.ACE\Core-Static;C:\Program Files (x86)\NVIDIA Corporation\PhysX\Common;D:\Program Files\nodejs\;D:\wamp\bin\php\php5.5.12;C:\ProgramData\ComposerSetup\bin;D:\Program Files\Git\cmd;D:\Python\Python36;C:\Users\Administrator\AppData\Roaming\npm;C:\Users\Administrator\AppData\Roaming\Composer\vendor\bin;d:\Program Files (x86)\Microsoft VS Code\bin
10 verbose lifecycle TIMS@0.0.0~dev: CWD: D:\wamp\www\jwmanager
11 silly lifecycle TIMS@0.0.0~dev: Args: [ '/d /s /c', 'node ./app.js' ]
12 silly lifecycle TIMS@0.0.0~dev: Returned: code: 1  signal: null
13 info lifecycle TIMS@0.0.0~dev: Failed to exec dev script
14 verbose stack Error: TIMS@0.0.0 dev: `node ./app.js`
14 verbose stack Exit status 1
14 verbose stack     at EventEmitter.<anonymous> (C:\Users\Administrator\AppData\Roaming\npm\node_modules\npm\lib\utils\lifecycle.js:279:16)
14 verbose stack     at emitTwo (events.js:106:13)
14 verbose stack     at EventEmitter.emit (events.js:191:7)
14 verbose stack     at ChildProcess.<anonymous> (C:\Users\Administrator\AppData\Roaming\npm\node_modules\npm\lib\utils\spawn.js:40:14)
14 verbose stack     at emitTwo (events.js:106:13)
14 verbose stack     at ChildProcess.emit (events.js:191:7)
14 verbose stack     at maybeClose (internal/child_process.js:850:16)
14 verbose stack     at Process.ChildProcess._handle.onexit (internal/child_process.js:215:5)
15 verbose pkgid TIMS@0.0.0
16 verbose cwd D:\wamp\www\jwmanager
17 error Windows_NT 6.1.7601
18 error argv "D:\\Program Files\\nodejs\\node.exe" "C:\\Users\\Administrator\\AppData\\Roaming\\npm\\node_modules\\npm\\bin\\npm-cli.js" "run" "dev"
19 error node v6.2.0
20 error npm  v4.0.5
21 error code ELIFECYCLE
22 error TIMS@0.0.0 dev: `node ./app.js`
22 error Exit status 1
23 error Failed at the TIMS@0.0.0 dev script 'node ./app.js'.
23 error Make sure you have the latest version of node.js and npm installed.
23 error If you do, this is most likely a problem with the TIMS package,
23 error not with npm itself.
23 error Tell the author that this fails on your system:
23 error     node ./app.js
23 error You can get information on how to open an issue for this project with:
23 error     npm bugs TIMS
23 error Or if that isn't available, you can get their info via:
23 error     npm owner ls TIMS
23 error There is likely additional logging output above.
24 verbose exit [ 1, true ]
